Determining if the pthread_create exist failed with the following output:
Change Dir: /home/nexus/interiit-ws/build/interiit22/CMakeFiles/CMakeTmp

Run Build Command:"/usr/bin/make" "cmTC_d8d6d/fast"
/usr/bin/make -f CMakeFiles/cmTC_d8d6d.dir/build.make CMakeFiles/cmTC_d8d6d.dir/build
make[1]: Entering directory '/home/nexus/interiit-ws/build/interiit22/CMakeFiles/CMakeTmp'
Building C object CMakeFiles/cmTC_d8d6d.dir/CheckSymbolExists.c.o
/usr/bin/gcc-6    -o CMakeFiles/cmTC_d8d6d.dir/CheckSymbolExists.c.o   -c /home/nexus/interiit-ws/build/interiit22/CMakeFiles/CMakeTmp/CheckSymbolExists.c
Linking C executable cmTC_d8d6d
/usr/bin/cmake -E cmake_link_script CMakeFiles/cmTC_d8d6d.dir/link.txt --verbose=1
/usr/bin/gcc-6      -rdynamic CMakeFiles/cmTC_d8d6d.dir/CheckSymbolExists.c.o  -o cmTC_d8d6d 
CMakeFiles/cmTC_d8d6d.dir/CheckSymbolExists.c.o: In function `main':
CheckSymbolExists.c:(.text+0x1b): undefined reference to `pthread_create'
collect2: error: ld returned 1 exit status
CMakeFiles/cmTC_d8d6d.dir/build.make:97: recipe for target 'cmTC_d8d6d' failed
make[1]: *** [cmTC_d8d6d] Error 1
make[1]: Leaving directory '/home/nexus/interiit-ws/build/interiit22/CMakeFiles/CMakeTmp'
Makefile:126: recipe for target 'cmTC_d8d6d/fast' failed
make: *** [cmTC_d8d6d/fast] Error 2

File /home/nexus/interiit-ws/build/interiit22/CMakeFiles/CMakeTmp/CheckSymbolExists.c:
/* */
#include <pthread.h>

int main(int argc, char** argv)
{
  (void)argv;
#ifndef pthread_create
  return ((int*)(&pthread_create))[argc];
#else
  (void)argc;
  return 0;
#endif
}

Determining if the function pthread_create exists in the pthreads failed with the following output:
Change Dir: /home/nexus/interiit-ws/build/interiit22/CMakeFiles/CMakeTmp

Run Build Command:"/usr/bin/make" "cmTC_3cffb/fast"
/usr/bin/make -f CMakeFiles/cmTC_3cffb.dir/build.make CMakeFiles/cmTC_3cffb.dir/build
make[1]: Entering directory '/home/nexus/interiit-ws/build/interiit22/CMakeFiles/CMakeTmp'
Building C object CMakeFiles/cmTC_3cffb.dir/CheckFunctionExists.c.o
/usr/bin/gcc-6   -DCHECK_FUNCTION_EXISTS=pthread_create   -o CMakeFiles/cmTC_3cffb.dir/CheckFunctionExists.c.o   -c /usr/share/cmake-3.10/Modules/CheckFunctionExists.c
Linking C executable cmTC_3cffb
/usr/bin/cmake -E cmake_link_script CMakeFiles/cmTC_3cffb.dir/link.txt --verbose=1
/usr/bin/gcc-6  -DCHECK_FUNCTION_EXISTS=pthread_create    -rdynamic CMakeFiles/cmTC_3cffb.dir/CheckFunctionExists.c.o  -o cmTC_3cffb -lpthreads 
/usr/bin/x86_64-linux-gnu-ld: cannot find -lpthreads
collect2: error: ld returned 1 exit status
CMakeFiles/cmTC_3cffb.dir/build.make:97: recipe for target 'cmTC_3cffb' failed
make[1]: *** [cmTC_3cffb] Error 1
make[1]: Leaving directory '/home/nexus/interiit-ws/build/interiit22/CMakeFiles/CMakeTmp'
Makefile:126: recipe for target 'cmTC_3cffb/fast' failed
make: *** [cmTC_3cffb/fast] Error 2


