Determining if the pthread_create exist failed with the following output:
Change Dir: /home/nexus/interiit-ws/build/catkin_tools_prebuild/CMakeFiles/CMakeTmp

Run Build Command:"/usr/bin/make" "cmTC_30f88/fast"
/usr/bin/make -f CMakeFiles/cmTC_30f88.dir/build.make CMakeFiles/cmTC_30f88.dir/build
make[1]: Entering directory '/home/nexus/interiit-ws/build/catkin_tools_prebuild/CMakeFiles/CMakeTmp'
Building C object CMakeFiles/cmTC_30f88.dir/CheckSymbolExists.c.o
/usr/lib/ccache/cc    -o CMakeFiles/cmTC_30f88.dir/CheckSymbolExists.c.o   -c /home/nexus/interiit-ws/build/catkin_tools_prebuild/CMakeFiles/CMakeTmp/CheckSymbolExists.c
Linking C executable cmTC_30f88
/usr/bin/cmake -E cmake_link_script CMakeFiles/cmTC_30f88.dir/link.txt --verbose=1
/usr/lib/ccache/cc      -rdynamic CMakeFiles/cmTC_30f88.dir/CheckSymbolExists.c.o  -o cmTC_30f88 
CMakeFiles/cmTC_30f88.dir/CheckSymbolExists.c.o: In function `main':
CheckSymbolExists.c:(.text+0x1b): undefined reference to `pthread_create'
collect2: error: ld returned 1 exit status
CMakeFiles/cmTC_30f88.dir/build.make:97: recipe for target 'cmTC_30f88' failed
make[1]: *** [cmTC_30f88] Error 1
make[1]: Leaving directory '/home/nexus/interiit-ws/build/catkin_tools_prebuild/CMakeFiles/CMakeTmp'
Makefile:126: recipe for target 'cmTC_30f88/fast' failed
make: *** [cmTC_30f88/fast] Error 2

File /home/nexus/interiit-ws/build/catkin_tools_prebuild/CMakeFiles/CMakeTmp/CheckSymbolExists.c:
/* */
#include <pthread.h>

int main(int argc, char** argv)
{
  (void)argv;
#ifndef pthread_create
  return ((int*)(&pthread_create))[argc];
#else
  (void)argc;
  return 0;
#endif
}

Determining if the function pthread_create exists in the pthreads failed with the following output:
Change Dir: /home/nexus/interiit-ws/build/catkin_tools_prebuild/CMakeFiles/CMakeTmp

Run Build Command:"/usr/bin/make" "cmTC_77ece/fast"
/usr/bin/make -f CMakeFiles/cmTC_77ece.dir/build.make CMakeFiles/cmTC_77ece.dir/build
make[1]: Entering directory '/home/nexus/interiit-ws/build/catkin_tools_prebuild/CMakeFiles/CMakeTmp'
Building C object CMakeFiles/cmTC_77ece.dir/CheckFunctionExists.c.o
/usr/lib/ccache/cc   -DCHECK_FUNCTION_EXISTS=pthread_create   -o CMakeFiles/cmTC_77ece.dir/CheckFunctionExists.c.o   -c /usr/share/cmake-3.10/Modules/CheckFunctionExists.c
Linking C executable cmTC_77ece
/usr/bin/cmake -E cmake_link_script CMakeFiles/cmTC_77ece.dir/link.txt --verbose=1
/usr/lib/ccache/cc  -DCHECK_FUNCTION_EXISTS=pthread_create    -rdynamic CMakeFiles/cmTC_77ece.dir/CheckFunctionExists.c.o  -o cmTC_77ece -lpthreads 
/usr/bin/ld: cannot find -lpthreads
collect2: error: ld returned 1 exit status
CMakeFiles/cmTC_77ece.dir/build.make:97: recipe for target 'cmTC_77ece' failed
make[1]: *** [cmTC_77ece] Error 1
make[1]: Leaving directory '/home/nexus/interiit-ws/build/catkin_tools_prebuild/CMakeFiles/CMakeTmp'
Makefile:126: recipe for target 'cmTC_77ece/fast' failed
make: *** [cmTC_77ece/fast] Error 2


